<?xml version="1.0" encoding="UTF-8"?>
<testsuite name="tests.TestPracticeForm" tests="1" skipped="0" failures="0" errors="0" timestamp="2023-03-29T14:44:29" hostname="DESKTOP-9C98VUC" time="32.675">
  <properties/>
  <testcase name="Проверка результата вывода значений формы регистрации 'dataqa'" classname="tests.TestPracticeForm" time="32.675"/>
  <system-out><![CDATA[]]></system-out>
  <system-err><![CDATA[]]></system-err>
</testsuite>
