<?xml version="1.0" encoding="UTF-8"?>
<testsuite name="tests.TestPracticeForm" tests="1" skipped="0" failures="0" errors="0" timestamp="2023-05-03T14:35:06" hostname="DESKTOP-9C98VUC" time="28.407">
  <properties/>
  <testcase name="Проверка результата вывода значений формы регистрации 'dataqa'" classname="tests.TestPracticeForm" time="28.407"/>
  <system-out><![CDATA[]]></system-out>
  <system-err><![CDATA[]]></system-err>
</testsuite>
