<?xml version="1.0" encoding="UTF-8"?>
<testsuite name="tests.TestPracticeForm" tests="1" skipped="0" failures="0" errors="0" timestamp="2023-03-30T11:37:43" hostname="DESKTOP-9C98VUC" time="21.96">
  <properties/>
  <testcase name="Проверка результата вывода значений формы регистрации 'dataqa'" classname="tests.TestPracticeForm" time="21.96"/>
  <system-out><![CDATA[]]></system-out>
  <system-err><![CDATA[]]></system-err>
</testsuite>
